INFO: [VRFC 10-2263] Analyzing Verilog file "C:/Users/10341/ass2_2/ass2_2.srcs/sources_1/new/three_eight.v" into library xil_defaultlib
INFO: [VRFC 10-311] analyzing module three_eight
INFO: [VRFC 10-2263] Analyzing Verilog file "C:/Users/10341/ass2_2/ass2_2.ip_user_files/bd/four_sixteen/ip/four_sixteen_three_eight_0_0/sim/four_sixteen_three_eight_0_0.v" into library xil_defaultlib
INFO: [VRFC 10-311] analyzing module four_sixteen_three_eight_0_0
INFO: [VRFC 10-2263] Analyzing Verilog file "C:/Users/10341/ass2_2/ass2_2.ip_user_files/bd/four_sixteen/ip/four_sixteen_three_eight_1_0/sim/four_sixteen_three_eight_1_0.v" into library xil_defaultlib
INFO: [VRFC 10-311] analyzing module four_sixteen_three_eight_1_0
INFO: [VRFC 10-2263] Analyzing Verilog file "C:/Users/10341/ass2_2/ass2_2.ip_user_files/bd/four_sixteen/ip/four_sixteen_util_vector_logic_0_1/sim/four_sixteen_util_vector_logic_0_1.v" into library xil_defaultlib
INFO: [VRFC 10-311] analyzing module four_sixteen_util_vector_logic_0_1
INFO: [VRFC 10-2263] Analyzing Verilog file "C:/Users/10341/ass2_2/ass2_2.ip_user_files/bd/four_sixteen/sim/four_sixteen.v" into library xil_defaultlib
INFO: [VRFC 10-311] analyzing module four_sixteen
INFO: [VRFC 10-2263] Analyzing Verilog file "C:/Users/10341/ass2_2/ass2_2.ip_user_files/bd/four_sixteen/ip/four_sixteen_util_vector_logic_1_6/sim/four_sixteen_util_vector_logic_1_6.v" into library xil_defaultlib
INFO: [VRFC 10-311] analyzing module four_sixteen_util_vector_logic_1_6
INFO: [VRFC 10-2263] Analyzing Verilog file "C:/Users/10341/ass2_2/ass2_2.ip_user_files/bd/four_sixteen/ip/four_sixteen_util_vector_logic_1_7/sim/four_sixteen_util_vector_logic_1_7.v" into library xil_defaultlib
INFO: [VRFC 10-311] analyzing module four_sixteen_util_vector_logic_1_7
INFO: [VRFC 10-2263] Analyzing Verilog file "C:/Users/10341/ass2_2/ass2_2.ip_user_files/bd/four_sixteen/ip/four_sixteen_util_vector_logic_1_8/sim/four_sixteen_util_vector_logic_1_8.v" into library xil_defaultlib
INFO: [VRFC 10-311] analyzing module four_sixteen_util_vector_logic_1_8
INFO: [VRFC 10-2263] Analyzing Verilog file "C:/Users/10341/ass2_2/ass2_2.ip_user_files/bd/four_sixteen/ip/four_sixteen_util_vector_logic_1_9/sim/four_sixteen_util_vector_logic_1_9.v" into library xil_defaultlib
INFO: [VRFC 10-311] analyzing module four_sixteen_util_vector_logic_1_9
INFO: [VRFC 10-2263] Analyzing Verilog file "C:/Users/10341/ass2_2/ass2_2.ip_user_files/bd/four_sixteen/ip/four_sixteen_util_vector_logic_1_10/sim/four_sixteen_util_vector_logic_1_10.v" into library xil_defaultlib
INFO: [VRFC 10-311] analyzing module four_sixteen_util_vector_logic_1_10
INFO: [VRFC 10-2263] Analyzing Verilog file "C:/Users/10341/ass2_2/ass2_2.ip_user_files/bd/four_sixteen/ip/four_sixteen_util_vector_logic_2_1/sim/four_sixteen_util_vector_logic_2_1.v" into library xil_defaultlib
INFO: [VRFC 10-311] analyzing module four_sixteen_util_vector_logic_2_1
INFO: [VRFC 10-2263] Analyzing Verilog file "C:/Users/10341/ass2_2/ass2_2.ip_user_files/bd/four_sixteen/ip/four_sixteen_util_vector_logic_3_0/sim/four_sixteen_util_vector_logic_3_0.v" into library xil_defaultlib
INFO: [VRFC 10-311] analyzing module four_sixteen_util_vector_logic_3_0
INFO: [VRFC 10-2263] Analyzing Verilog file "C:/Users/10341/ass2_2/ass2_2.ip_user_files/bd/four_sixteen/ip/four_sixteen_util_vector_logic_4_0/sim/four_sixteen_util_vector_logic_4_0.v" into library xil_defaultlib
INFO: [VRFC 10-311] analyzing module four_sixteen_util_vector_logic_4_0
INFO: [VRFC 10-2263] Analyzing Verilog file "C:/Users/10341/ass2_2/ass2_2.ip_user_files/bd/four_sixteen/ip/four_sixteen_util_vector_logic_1_11/sim/four_sixteen_util_vector_logic_1_11.v" into library xil_defaultlib
INFO: [VRFC 10-311] analyzing module four_sixteen_util_vector_logic_1_11
INFO: [VRFC 10-2263] Analyzing Verilog file "C:/Users/10341/ass2_2/ass2_2.ip_user_files/bd/four_sixteen/ip/four_sixteen_util_vector_logic_2_2/sim/four_sixteen_util_vector_logic_2_2.v" into library xil_defaultlib
INFO: [VRFC 10-311] analyzing module four_sixteen_util_vector_logic_2_2
INFO: [VRFC 10-2263] Analyzing Verilog file "C:/Users/10341/ass2_2/ass2_2.ip_user_files/bd/four_sixteen/ip/four_sixteen_util_vector_logic_3_1/sim/four_sixteen_util_vector_logic_3_1.v" into library xil_defaultlib
INFO: [VRFC 10-311] analyzing module four_sixteen_util_vector_logic_3_1
INFO: [VRFC 10-2263] Analyzing Verilog file "C:/Users/10341/ass2_2/ass2_2.ip_user_files/bd/four_sixteen/ip/four_sixteen_util_vector_logic_4_1/sim/four_sixteen_util_vector_logic_4_1.v" into library xil_defaultlib
INFO: [VRFC 10-311] analyzing module four_sixteen_util_vector_logic_4_1
INFO: [VRFC 10-2263] Analyzing Verilog file "C:/Users/10341/ass2_2/ass2_2.ip_user_files/bd/four_sixteen/ip/four_sixteen_util_vector_logic_5_0/sim/four_sixteen_util_vector_logic_5_0.v" into library xil_defaultlib
INFO: [VRFC 10-311] analyzing module four_sixteen_util_vector_logic_5_0
INFO: [VRFC 10-2263] Analyzing Verilog file "C:/Users/10341/ass2_2/ass2_2.ip_user_files/bd/four_sixteen/ip/four_sixteen_util_vector_logic_6_0/sim/four_sixteen_util_vector_logic_6_0.v" into library xil_defaultlib
INFO: [VRFC 10-311] analyzing module four_sixteen_util_vector_logic_6_0
INFO: [VRFC 10-2263] Analyzing Verilog file "C:/Users/10341/ass2_2/ass2_2.ip_user_files/bd/four_sixteen/ip/four_sixteen_util_vector_logic_7_0/sim/four_sixteen_util_vector_logic_7_0.v" into library xil_defaultlib
INFO: [VRFC 10-311] analyzing module four_sixteen_util_vector_logic_7_0
INFO: [VRFC 10-2263] Analyzing Verilog file "C:/Users/10341/ass2_2/ass2_2.ip_user_files/bd/four_sixteen/ip/four_sixteen_util_vector_logic_8_0/sim/four_sixteen_util_vector_logic_8_0.v" into library xil_defaultlib
INFO: [VRFC 10-311] analyzing module four_sixteen_util_vector_logic_8_0
INFO: [VRFC 10-2263] Analyzing Verilog file "C:/Users/10341/ass2_2/ass2_2.srcs/sources_1/bd/four_sixteen/hdl/four_sixteen_wrapper.v" into library xil_defaultlib
INFO: [VRFC 10-311] analyzing module four_sixteen_wrapper
INFO: [VRFC 10-2263] Analyzing Verilog file "C:/Users/10341/ass2_2/ass2_2.srcs/sources_1/new/four_eight_sim.v" into library xil_defaultlib
INFO: [VRFC 10-311] analyzing module four_eight_sim
