#-----------------------------------------------------------
# Vivado v2017.4 (64-bit)
# SW Build 2086221 on Fri Dec 15 20:55:39 MST 2017
# IP Build 2085800 on Fri Dec 15 22:25:07 MST 2017
# Start of session at: Mon Nov 18 01:00:45 2019
# Process ID: 34432
# Current directory: C:/Users/10341/lab7
# Command line: vivado.exe -gui_launcher_event rodinguilauncherevent21084 C:\Users\10341\lab7\lab7.xpr
# Log file: C:/Users/10341/lab7/vivado.log
# Journal file: C:/Users/10341/lab7\vivado.jou
#-----------------------------------------------------------
start_gui
open_project C:/Users/10341/lab7/lab7.xpr
Scanning sources...
Finished scanning sources
INFO: [IP_Flow 19-234] Refreshing IP repositories
INFO: [IP_Flow 19-1704] No user IP repositories specified
INFO: [IP_Flow 19-2313] Loaded Vivado IP repository 'C:/Xilinx/Vivado/2017.4/data/ip'.
open_project: Time (s): cpu = 00:00:11 ; elapsed = 00:00:05 . Memory (MB): peak = 774.922 ; gain = 63.043
exit
INFO: [Common 17-206] Exiting Vivado at Mon Nov 18 01:01:12 2019...
